<?xml version="1.0" encoding="UTF-8"?>
<coverage generated="1697068399285" clover="3.2.0">
  <project timestamp="1697068399285" name="All files">
    <metrics statements="145" coveredstatements="80" conditionals="58" coveredconditionals="30" methods="73" coveredmethods="35" elements="276" coveredelements="145" complexity="0" loc="145" ncloc="145" packages="3" files="12" classes="12"/>
    <package name="src">
      <metrics statements="3" coveredstatements="0" conditionals="4" coveredconditionals="0" methods="2" coveredmethods="0"/>
      <file name="App.tsx" path="/home/nathan/Desktop/Fall 2023/CISC 275/Tasks/task11/quizzer_start/src/App.tsx">
        <metrics statements="3" coveredstatements="0" conditionals="4" coveredconditionals="0" methods="2" coveredmethods="0"/>
        <line num="8" count="0" type="stmt"/>
        <line num="10" count="0" type="stmt"/>
        <line num="16" count="0" type="stmt"/>
      </file>
    </package>
    <package name="src.interfaces">
      <metrics statements="0" coveredstatements="0" conditionals="0" coveredconditionals="0" methods="0" coveredmethods="0"/>
      <file name="question.ts" path="/home/nathan/Desktop/Fall 2023/CISC 275/Tasks/task11/quizzer_start/src/interfaces/question.ts">
        <metrics statements="0" coveredstatements="0" conditionals="0" coveredconditionals="0" methods="0" coveredmethods="0"/>
      </file>
      <file name="quiz.ts" path="/home/nathan/Desktop/Fall 2023/CISC 275/Tasks/task11/quizzer_start/src/interfaces/quiz.ts">
        <metrics statements="0" coveredstatements="0" conditionals="0" coveredconditionals="0" methods="0" coveredmethods="0"/>
      </file>
    </package>
    <package name="src.quizzer">
      <metrics statements="142" coveredstatements="80" conditionals="54" coveredconditionals="30" methods="71" coveredmethods="35"/>
      <file name="AddQuizModal.tsx" path="/home/nathan/Desktop/Fall 2023/CISC 275/Tasks/task11/quizzer_start/src/quizzer/AddQuizModal.tsx">
        <metrics statements="14" coveredstatements="9" conditionals="0" coveredconditionals="0" methods="5" coveredmethods="2"/>
        <line num="4" count="1" type="stmt"/>
        <line num="9" count="25" type="stmt"/>
        <line num="10" count="25" type="stmt"/>
        <line num="12" count="25" type="stmt"/>
        <line num="13" count="1" type="stmt"/>
        <line num="14" count="1" type="stmt"/>
        <line num="15" count="1" type="stmt"/>
        <line num="16" count="1" type="stmt"/>
        <line num="19" count="25" type="stmt"/>
        <line num="32" count="0" type="stmt"/>
        <line num="41" count="0" type="stmt"/>
        <line num="49" count="0" type="stmt"/>
        <line num="50" count="0" type="stmt"/>
        <line num="51" count="0" type="stmt"/>
      </file>
      <file name="QuestionEdit.tsx" path="/home/nathan/Desktop/Fall 2023/CISC 275/Tasks/task11/quizzer_start/src/quizzer/QuestionEdit.tsx">
        <metrics statements="30" coveredstatements="1" conditionals="12" coveredconditionals="0" methods="15" coveredmethods="0"/>
        <line num="7" count="1" type="stmt"/>
        <line num="15" count="0" type="stmt"/>
        <line num="16" count="0" type="stmt"/>
        <line num="19" count="0" type="stmt"/>
        <line num="20" count="0" type="stmt"/>
        <line num="22" count="0" type="cond" truecount="0" falsecount="2"/>
        <line num="23" count="0" type="stmt"/>
        <line num="31" count="0" type="stmt"/>
        <line num="32" count="0" type="stmt"/>
        <line num="33" count="0" type="stmt"/>
        <line num="41" count="0" type="stmt"/>
        <line num="42" count="0" type="stmt"/>
        <line num="43" count="0" type="stmt"/>
        <line num="46" count="0" type="stmt"/>
        <line num="50" count="0" type="stmt"/>
        <line num="51" count="0" type="stmt"/>
        <line num="52" count="0" type="stmt"/>
        <line num="59" count="0" type="stmt"/>
        <line num="60" count="0" type="stmt"/>
        <line num="61" count="0" type="stmt"/>
        <line num="62" count="0" type="stmt"/>
        <line num="68" count="0" type="stmt"/>
        <line num="85" count="0" type="stmt"/>
        <line num="158" count="0" type="stmt"/>
        <line num="171" count="0" type="stmt"/>
        <line num="192" count="0" type="stmt"/>
        <line num="210" count="0" type="stmt"/>
        <line num="219" count="0" type="stmt"/>
        <line num="235" count="0" type="stmt"/>
        <line num="244" count="0" type="stmt"/>
      </file>
      <file name="QuizCard.tsx" path="/home/nathan/Desktop/Fall 2023/CISC 275/Tasks/task11/quizzer_start/src/quizzer/QuizCard.tsx">
        <metrics statements="5" coveredstatements="5" conditionals="5" coveredconditionals="4" methods="3" coveredmethods="3"/>
        <line num="7" count="1" type="stmt"/>
        <line num="11" count="81" type="stmt"/>
        <line num="13" count="320" type="cond" truecount="3" falsecount="0"/>
        <line num="16" count="81" type="stmt"/>
        <line num="22" count="10" type="stmt"/>
      </file>
      <file name="QuizEdit.tsx" path="/home/nathan/Desktop/Fall 2023/CISC 275/Tasks/task11/quizzer_start/src/quizzer/QuizEdit.tsx">
        <metrics statements="27" coveredstatements="1" conditionals="6" coveredconditionals="0" methods="15" coveredmethods="0"/>
        <line num="9" count="1" type="stmt"/>
        <line num="16" count="0" type="stmt"/>
        <line num="18" count="0" type="stmt"/>
        <line num="19" count="0" type="stmt"/>
        <line num="22" count="0" type="cond" truecount="0" falsecount="2"/>
        <line num="23" count="0" type="stmt"/>
        <line num="25" count="0" type="stmt"/>
        <line num="31" count="0" type="stmt"/>
        <line num="32" count="0" type="stmt"/>
        <line num="35" count="0" type="stmt"/>
        <line num="41" count="0" type="stmt"/>
        <line num="42" count="0" type="stmt"/>
        <line num="45" count="0" type="stmt"/>
        <line num="46" count="0" type="stmt"/>
        <line num="50" count="0" type="cond" truecount="0" falsecount="2"/>
        <line num="51" count="0" type="cond" truecount="0" falsecount="2"/>
        <line num="52" count="0" type="stmt"/>
        <line num="58" count="0" type="stmt"/>
        <line num="70" count="0" type="stmt"/>
        <line num="87" count="0" type="stmt"/>
        <line num="100" count="0" type="stmt"/>
        <line num="108" count="0" type="stmt"/>
        <line num="124" count="0" type="stmt"/>
        <line num="150" count="0" type="stmt"/>
        <line num="151" count="0" type="stmt"/>
        <line num="163" count="0" type="stmt"/>
        <line num="164" count="0" type="stmt"/>
      </file>
      <file name="QuizExpanded.tsx" path="/home/nathan/Desktop/Fall 2023/CISC 275/Tasks/task11/quizzer_start/src/quizzer/QuizExpanded.tsx">
        <metrics statements="27" coveredstatements="27" conditionals="7" coveredconditionals="6" methods="12" coveredmethods="12"/>
        <line num="9" count="1" type="stmt"/>
        <line num="15" count="21" type="stmt"/>
        <line num="17" count="84" type="cond" truecount="3" falsecount="0"/>
        <line num="20" count="21" type="stmt"/>
        <line num="21" count="21" type="stmt"/>
        <line num="25" count="21" type="stmt"/>
        <line num="26" count="2" type="stmt"/>
        <line num="27" count="2" type="stmt"/>
        <line num="28" count="2" type="stmt"/>
        <line num="31" count="21" type="stmt"/>
        <line num="32" count="42" type="stmt"/>
        <line num="36" count="21" type="stmt"/>
        <line num="37" count="2" type="stmt"/>
        <line num="40" count="21" type="stmt"/>
        <line num="41" count="7" type="stmt"/>
        <line num="42" count="7" type="stmt"/>
        <line num="45" count="28" type="stmt"/>
        <line num="49" count="7" type="stmt"/>
        <line num="52" count="21" type="stmt"/>
        <line num="53" count="2" type="stmt"/>
        <line num="56" count="8" type="cond" truecount="2" falsecount="0"/>
        <line num="57" count="2" type="stmt"/>
        <line num="61" count="6" type="stmt"/>
        <line num="67" count="21" type="stmt"/>
        <line num="82" count="6" type="stmt"/>
        <line num="83" count="6" type="stmt"/>
        <line num="99" count="42" type="stmt"/>
      </file>
      <file name="QuizList.tsx" path="/home/nathan/Desktop/Fall 2023/CISC 275/Tasks/task11/quizzer_start/src/quizzer/QuizList.tsx">
        <metrics statements="10" coveredstatements="9" conditionals="4" coveredconditionals="4" methods="5" coveredmethods="4"/>
        <line num="8" count="1" type="stmt"/>
        <line num="14" count="35" type="stmt"/>
        <line num="16" count="35" type="stmt"/>
        <line num="17" count="10" type="stmt"/>
        <line num="20" count="35" type="stmt"/>
        <line num="21" count="0" type="stmt"/>
        <line num="24" count="35" type="stmt"/>
        <line num="29" count="81" type="stmt"/>
        <line num="41" count="176" type="cond" truecount="2" falsecount="0"/>
        <line num="42" count="19" type="stmt"/>
      </file>
      <file name="QuizQuestion.tsx" path="/home/nathan/Desktop/Fall 2023/CISC 275/Tasks/task11/quizzer_start/src/quizzer/QuizQuestion.tsx">
        <metrics statements="10" coveredstatements="10" conditionals="14" coveredconditionals="11" methods="4" coveredmethods="4"/>
        <line num="8" count="1" type="stmt"/>
        <line num="16" count="42" type="stmt"/>
        <line num="17" count="2" type="cond" truecount="1" falsecount="1"/>
        <line num="18" count="2" type="stmt"/>
        <line num="22" count="42" type="stmt"/>
        <line num="23" count="2" type="stmt"/>
        <line num="24" count="2" type="cond" truecount="1" falsecount="1"/>
        <line num="25" count="2" type="stmt"/>
        <line num="29" count="42" type="stmt"/>
        <line num="55" count="63" type="stmt"/>
      </file>
      <file name="QuizView.tsx" path="/home/nathan/Desktop/Fall 2023/CISC 275/Tasks/task11/quizzer_start/src/quizzer/QuizView.tsx">
        <metrics statements="5" coveredstatements="5" conditionals="4" coveredconditionals="3" methods="2" coveredmethods="2"/>
        <line num="8" count="1" type="stmt"/>
        <line num="14" count="19" type="stmt"/>
        <line num="16" count="19" type="stmt"/>
        <line num="17" count="6" type="stmt"/>
        <line num="20" count="19" type="stmt"/>
      </file>
      <file name="Quizzer.tsx" path="/home/nathan/Desktop/Fall 2023/CISC 275/Tasks/task11/quizzer_start/src/quizzer/Quizzer.tsx">
        <metrics statements="14" coveredstatements="13" conditionals="2" coveredconditionals="2" methods="10" coveredmethods="8"/>
        <line num="10" count="1" type="stmt"/>
        <line num="11" count="5" type="stmt"/>
        <line num="14" count="20" type="stmt"/>
        <line num="23" count="1" type="stmt"/>
        <line num="24" count="25" type="stmt"/>
        <line num="25" count="25" type="stmt"/>
        <line num="28" count="9" type="stmt"/>
        <line num="29" count="45" type="cond" truecount="2" falsecount="0"/>
        <line num="34" count="1" type="stmt"/>
        <line num="41" count="1" type="stmt"/>
        <line num="45" count="0" type="stmt"/>
        <line num="48" count="25" type="stmt"/>
        <line num="49" count="25" type="stmt"/>
        <line num="51" count="25" type="stmt"/>
      </file>
    </package>
  </project>
</coverage>
