{"/home/nathan/Desktop/Fall 2023/CISC 275/Tasks/task11/quizzer_start/src/App.tsx": {"path":"/home/nathan/Desktop/Fall 2023/CISC 275/Tasks/task11/quizzer_start/src/App.tsx","statementMap":{"0":{"start":{"line":8,"column":34},"end":{"line":8,"column":57}},"1":{"start":{"line":10,"column":4},"end":{"line":26,"column":6}},"2":{"start":{"line":16,"column":24},"end":{"line":16,"column":45}}},"fnMap":{"0":{"name":"App","decl":{"start":{"line":7,"column":9},"end":{"line":7,"column":12}},"loc":{"start":{"line":7,"column":28},"end":{"line":27,"column":1}},"line":7},"1":{"name":"(anonymous_1)","decl":{"start":{"line":15,"column":29},"end":{"line":15,"column":30}},"loc":{"start":{"line":15,"column":35},"end":{"line":17,"column":21}},"line":15}},"branchMap":{"0":{"loc":{"start":{"line":19,"column":21},"end":{"line":19,"column":50}},"type":"cond-expr","locations":[{"start":{"line":19,"column":31},"end":{"line":19,"column":40}},{"start":{"line":19,"column":43},"end":{"line":19,"column":50}}],"line":19},"1":{"loc":{"start":{"line":22,"column":35},"end":{"line":22,"column":61}},"type":"cond-expr","locations":[{"start":{"line":22,"column":45},"end":{"line":22,"column":52}},{"start":{"line":22,"column":55},"end":{"line":22,"column":61}}],"line":22}},"s":{"0":0,"1":0,"2":0},"f":{"0":0,"1":0},"b":{"0":[0,0],"1":[0,0]}}
,"/home/nathan/Desktop/Fall 2023/CISC 275/Tasks/task11/quizzer_start/src/interfaces/question.ts": {"path":"/home/nathan/Desktop/Fall 2023/CISC 275/Tasks/task11/quizzer_start/src/interfaces/question.ts","statementMap":{},"fnMap":{},"branchMap":{},"s":{},"f":{},"b":{}}
,"/home/nathan/Desktop/Fall 2023/CISC 275/Tasks/task11/quizzer_start/src/interfaces/quiz.ts": {"path":"/home/nathan/Desktop/Fall 2023/CISC 275/Tasks/task11/quizzer_start/src/interfaces/quiz.ts","statementMap":{},"fnMap":{},"branchMap":{},"s":{},"f":{},"b":{}}
,"/home/nathan/Desktop/Fall 2023/CISC 275/Tasks/task11/quizzer_start/src/quizzer/AddQuizModal.tsx": {"path":"/home/nathan/Desktop/Fall 2023/CISC 275/Tasks/task11/quizzer_start/src/quizzer/AddQuizModal.tsx","statementMap":{"0":{"start":{"line":4,"column":28},"end":{"line":63,"column":1}},"1":{"start":{"line":9,"column":30},"end":{"line":9,"column":62}},"2":{"start":{"line":10,"column":28},"end":{"line":10,"column":67}},"3":{"start":{"line":12,"column":24},"end":{"line":17,"column":5}},"4":{"start":{"line":13,"column":8},"end":{"line":13,"column":29}},"5":{"start":{"line":14,"column":8},"end":{"line":14,"column":33}},"6":{"start":{"line":15,"column":8},"end":{"line":15,"column":39}},"7":{"start":{"line":16,"column":8},"end":{"line":16,"column":22}},"8":{"start":{"line":19,"column":4},"end":{"line":62,"column":6}},"9":{"start":{"line":32,"column":33},"end":{"line":32,"column":57}},"10":{"start":{"line":41,"column":33},"end":{"line":41,"column":56}},"11":{"start":{"line":49,"column":28},"end":{"line":49,"column":53}},"12":{"start":{"line":50,"column":28},"end":{"line":50,"column":59}},"13":{"start":{"line":51,"column":28},"end":{"line":51,"column":42}}},"fnMap":{"0":{"name":"(anonymous_0)","decl":{"start":{"line":4,"column":28},"end":{"line":4,"column":29}},"loc":{"start":{"line":8,"column":97},"end":{"line":63,"column":1}},"line":8},"1":{"name":"(anonymous_1)","decl":{"start":{"line":12,"column":24},"end":{"line":12,"column":25}},"loc":{"start":{"line":12,"column":30},"end":{"line":17,"column":5}},"line":12},"2":{"name":"(anonymous_2)","decl":{"start":{"line":30,"column":38},"end":{"line":30,"column":39}},"loc":{"start":{"line":32,"column":33},"end":{"line":32,"column":57}},"line":32},"3":{"name":"(anonymous_3)","decl":{"start":{"line":39,"column":38},"end":{"line":39,"column":39}},"loc":{"start":{"line":41,"column":33},"end":{"line":41,"column":56}},"line":41},"4":{"name":"(anonymous_4)","decl":{"start":{"line":48,"column":33},"end":{"line":48,"column":34}},"loc":{"start":{"line":48,"column":39},"end":{"line":52,"column":25}},"line":48}},"branchMap":{},"s":{"0":1,"1":25,"2":25,"3":25,"4":1,"5":1,"6":1,"7":1,"8":25,"9":0,"10":0,"11":0,"12":0,"13":0},"f":{"0":25,"1":1,"2":0,"3":0,"4":0},"b":{},"_coverageSchema":"1a1c01bbd47fc00a2c39e90264f33305004495a9","hash":"1176a8727396c5cb516133d4763b0491b607fd35"}
,"/home/nathan/Desktop/Fall 2023/CISC 275/Tasks/task11/quizzer_start/src/quizzer/QuestionEdit.tsx": {"path":"/home/nathan/Desktop/Fall 2023/CISC 275/Tasks/task11/quizzer_start/src/quizzer/QuestionEdit.tsx","statementMap":{"0":{"start":{"line":7,"column":28},"end":{"line":253,"column":1}},"1":{"start":{"line":15,"column":19},"end":{"line":17,"column":5}},"2":{"start":{"line":16,"column":50},"end":{"line":16,"column":73}},"3":{"start":{"line":19,"column":29},"end":{"line":29,"column":5}},"4":{"start":{"line":20,"column":8},"end":{"line":20,"column":13}},"5":{"start":{"line":22,"column":12},"end":{"line":22,"column":71}},"6":{"start":{"line":23,"column":8},"end":{"line":28,"column":11}},"7":{"start":{"line":31,"column":25},"end":{"line":39,"column":5}},"8":{"start":{"line":32,"column":8},"end":{"line":32,"column":13}},"9":{"start":{"line":33,"column":8},"end":{"line":38,"column":11}},"10":{"start":{"line":41,"column":25},"end":{"line":44,"column":5}},"11":{"start":{"line":42,"column":5},"end":{"line":42,"column":47}},"12":{"start":{"line":43,"column":8},"end":{"line":43,"column":44}},"13":{"start":{"line":46,"column":31},"end":{"line":57,"column":5}},"14":{"start":{"line":50,"column":27},"end":{"line":50,"column":48}},"15":{"start":{"line":51,"column":8},"end":{"line":51,"column":48}},"16":{"start":{"line":52,"column":8},"end":{"line":56,"column":11}},"17":{"start":{"line":59,"column":30},"end":{"line":66,"column":5}},"18":{"start":{"line":60,"column":20},"end":{"line":60,"column":44}},"19":{"start":{"line":61,"column":8},"end":{"line":61,"column":15}},"20":{"start":{"line":62,"column":8},"end":{"line":65,"column":11}},"21":{"start":{"line":68,"column":4},"end":{"line":252,"column":6}},"22":{"start":{"line":85,"column":36},"end":{"line":88,"column":39}},"23":{"start":{"line":158,"column":44},"end":{"line":161,"column":47}},"24":{"start":{"line":171,"column":44},"end":{"line":198,"column":50}},"25":{"start":{"line":192,"column":56},"end":{"line":195,"column":58}},"26":{"start":{"line":210,"column":32},"end":{"line":210,"column":63}},"27":{"start":{"line":219,"column":32},"end":{"line":219,"column":63}},"28":{"start":{"line":235,"column":28},"end":{"line":238,"column":31}},"29":{"start":{"line":244,"column":28},"end":{"line":244,"column":56}}},"fnMap":{"0":{"name":"(anonymous_0)","decl":{"start":{"line":7,"column":28},"end":{"line":7,"column":29}},"loc":{"start":{"line":14,"column":228},"end":{"line":253,"column":1}},"line":14},"1":{"name":"(anonymous_1)","decl":{"start":{"line":16,"column":35},"end":{"line":16,"column":36}},"loc":{"start":{"line":16,"column":50},"end":{"line":16,"column":73}},"line":16},"2":{"name":"(anonymous_2)","decl":{"start":{"line":19,"column":29},"end":{"line":19,"column":30}},"loc":{"start":{"line":19,"column":73},"end":{"line":29,"column":5}},"line":19},"3":{"name":"(anonymous_3)","decl":{"start":{"line":31,"column":25},"end":{"line":31,"column":26}},"loc":{"start":{"line":31,"column":31},"end":{"line":39,"column":5}},"line":31},"4":{"name":"(anonymous_4)","decl":{"start":{"line":41,"column":25},"end":{"line":41,"column":26}},"loc":{"start":{"line":41,"column":69},"end":{"line":44,"column":5}},"line":41},"5":{"name":"(anonymous_5)","decl":{"start":{"line":46,"column":31},"end":{"line":46,"column":32}},"loc":{"start":{"line":49,"column":9},"end":{"line":57,"column":5}},"line":49},"6":{"name":"(anonymous_6)","decl":{"start":{"line":59,"column":30},"end":{"line":59,"column":31}},"loc":{"start":{"line":59,"column":74},"end":{"line":66,"column":5}},"line":59},"7":{"name":"(anonymous_7)","decl":{"start":{"line":82,"column":42},"end":{"line":82,"column":43}},"loc":{"start":{"line":84,"column":37},"end":{"line":89,"column":33}},"line":84},"8":{"name":"(anonymous_8)","decl":{"start":{"line":155,"column":50},"end":{"line":155,"column":51}},"loc":{"start":{"line":157,"column":45},"end":{"line":162,"column":41}},"line":157},"9":{"name":"(anonymous_9)","decl":{"start":{"line":170,"column":40},"end":{"line":170,"column":41}},"loc":{"start":{"line":171,"column":44},"end":{"line":198,"column":50}},"line":171},"10":{"name":"(anonymous_10)","decl":{"start":{"line":189,"column":62},"end":{"line":189,"column":63}},"loc":{"start":{"line":191,"column":57},"end":{"line":196,"column":53}},"line":191},"11":{"name":"(anonymous_11)","decl":{"start":{"line":209,"column":37},"end":{"line":209,"column":38}},"loc":{"start":{"line":209,"column":43},"end":{"line":211,"column":29}},"line":209},"12":{"name":"(anonymous_12)","decl":{"start":{"line":218,"column":37},"end":{"line":218,"column":38}},"loc":{"start":{"line":218,"column":43},"end":{"line":220,"column":29}},"line":218},"13":{"name":"(anonymous_13)","decl":{"start":{"line":234,"column":34},"end":{"line":234,"column":35}},"loc":{"start":{"line":234,"column":78},"end":{"line":239,"column":25}},"line":234},"14":{"name":"(anonymous_14)","decl":{"start":{"line":243,"column":33},"end":{"line":243,"column":34}},"loc":{"start":{"line":243,"column":39},"end":{"line":245,"column":25}},"line":243}},"branchMap":{"0":{"loc":{"start":{"line":22,"column":12},"end":{"line":22,"column":71}},"type":"cond-expr","locations":[{"start":{"line":22,"column":43},"end":{"line":22,"column":44}},{"start":{"line":22,"column":47},"end":{"line":22,"column":71}}],"line":22},"1":{"loc":{"start":{"line":55,"column":22},"end":{"line":55,"column":66}},"type":"cond-expr","locations":[{"start":{"line":55,"column":32},"end":{"line":55,"column":46}},{"start":{"line":55,"column":49},"end":{"line":55,"column":66}}],"line":55},"2":{"loc":{"start":{"line":104,"column":31},"end":{"line":104,"column":63}},"type":"cond-expr","locations":[{"start":{"line":104,"column":55},"end":{"line":104,"column":58}},{"start":{"line":104,"column":61},"end":{"line":104,"column":63}}],"line":104},"3":{"loc":{"start":{"line":135,"column":29},"end":{"line":147,"column":29}},"type":"binary-expr","locations":[{"start":{"line":135,"column":29},"end":{"line":135,"column":73}},{"start":{"line":136,"column":32},"end":{"line":146,"column":35}}],"line":135},"4":{"loc":{"start":{"line":150,"column":29},"end":{"line":165,"column":29}},"type":"binary-expr","locations":[{"start":{"line":150,"column":29},"end":{"line":150,"column":70}},{"start":{"line":151,"column":32},"end":{"line":164,"column":45}}],"line":150},"5":{"loc":{"start":{"line":166,"column":29},"end":{"line":202,"column":29}},"type":"binary-expr","locations":[{"start":{"line":166,"column":29},"end":{"line":166,"column":73}},{"start":{"line":167,"column":32},"end":{"line":201,"column":45}}],"line":166}},"s":{"0":1,"1":0,"2":0,"3":0,"4":0,"5":0,"6":0,"7":0,"8":0,"9":0,"10":0,"11":0,"12":0,"13":0,"14":0,"15":0,"16":0,"17":0,"18":0,"19":0,"20":0,"21":0,"22":0,"23":0,"24":0,"25":0,"26":0,"27":0,"28":0,"29":0},"f":{"0":0,"1":0,"2":0,"3":0,"4":0,"5":0,"6":0,"7":0,"8":0,"9":0,"10":0,"11":0,"12":0,"13":0,"14":0},"b":{"0":[0,0],"1":[0,0],"2":[0,0],"3":[0,0],"4":[0,0],"5":[0,0]},"_coverageSchema":"1a1c01bbd47fc00a2c39e90264f33305004495a9","hash":"4f137547fd00a397cba1d5e4b8794cc5e6df4afe"}
,"/home/nathan/Desktop/Fall 2023/CISC 275/Tasks/task11/quizzer_start/src/quizzer/QuizCard.tsx": {"path":"/home/nathan/Desktop/Fall 2023/CISC 275/Tasks/task11/quizzer_start/src/quizzer/QuizCard.tsx","statementMap":{"0":{"start":{"line":7,"column":24},"end":{"line":35,"column":1}},"1":{"start":{"line":11,"column":30},"end":{"line":14,"column":5}},"2":{"start":{"line":13,"column":12},"end":{"line":13,"column":62}},"3":{"start":{"line":16,"column":4},"end":{"line":34,"column":6}},"4":{"start":{"line":22,"column":24},"end":{"line":22,"column":45}}},"fnMap":{"0":{"name":"(anonymous_0)","decl":{"start":{"line":7,"column":24},"end":{"line":7,"column":25}},"loc":{"start":{"line":10,"column":60},"end":{"line":35,"column":1}},"line":10},"1":{"name":"(anonymous_1)","decl":{"start":{"line":12,"column":8},"end":{"line":12,"column":9}},"loc":{"start":{"line":13,"column":12},"end":{"line":13,"column":62}},"line":13},"2":{"name":"(anonymous_2)","decl":{"start":{"line":21,"column":29},"end":{"line":21,"column":30}},"loc":{"start":{"line":21,"column":35},"end":{"line":23,"column":21}},"line":21}},"branchMap":{"0":{"loc":{"start":{"line":13,"column":12},"end":{"line":13,"column":62}},"type":"binary-expr","locations":[{"start":{"line":13,"column":13},"end":{"line":13,"column":27}},{"start":{"line":13,"column":31},"end":{"line":13,"column":42}},{"start":{"line":13,"column":47},"end":{"line":13,"column":62}}],"line":13},"1":{"loc":{"start":{"line":29,"column":21},"end":{"line":29,"column":62}},"type":"cond-expr","locations":[{"start":{"line":29,"column":54},"end":{"line":29,"column":57}},{"start":{"line":29,"column":60},"end":{"line":29,"column":62}}],"line":29}},"s":{"0":1,"1":81,"2":320,"3":81,"4":10},"f":{"0":81,"1":320,"2":10},"b":{"0":[320,272,144],"1":[81,0]},"_coverageSchema":"1a1c01bbd47fc00a2c39e90264f33305004495a9","hash":"8c90ed028411e612392a85d5b63c934fd3fc1cbc"}
,"/home/nathan/Desktop/Fall 2023/CISC 275/Tasks/task11/quizzer_start/src/quizzer/QuizEdit.tsx": {"path":"/home/nathan/Desktop/Fall 2023/CISC 275/Tasks/task11/quizzer_start/src/quizzer/QuizEdit.tsx","statementMap":{"0":{"start":{"line":9,"column":24},"end":{"line":173,"column":1}},"1":{"start":{"line":16,"column":34},"end":{"line":16,"column":61}},"2":{"start":{"line":18,"column":25},"end":{"line":29,"column":5}},"3":{"start":{"line":19,"column":8},"end":{"line":28,"column":11}},"4":{"start":{"line":22,"column":16},"end":{"line":24,"column":17}},"5":{"start":{"line":23,"column":20},"end":{"line":23,"column":39}},"6":{"start":{"line":25,"column":16},"end":{"line":25,"column":32}},"7":{"start":{"line":31,"column":27},"end":{"line":39,"column":5}},"8":{"start":{"line":32,"column":8},"end":{"line":38,"column":11}},"9":{"start":{"line":35,"column":15},"end":{"line":35,"column":49}},"10":{"start":{"line":41,"column":24},"end":{"line":43,"column":5}},"11":{"start":{"line":42,"column":8},"end":{"line":42,"column":42}},"12":{"start":{"line":45,"column":25},"end":{"line":56,"column":5}},"13":{"start":{"line":46,"column":8},"end":{"line":55,"column":11}},"14":{"start":{"line":50,"column":20},"end":{"line":50,"column":72}},"15":{"start":{"line":50,"column":38},"end":{"line":50,"column":72}},"16":{"start":{"line":51,"column":20},"end":{"line":51,"column":72}},"17":{"start":{"line":51,"column":38},"end":{"line":51,"column":72}},"18":{"start":{"line":52,"column":20},"end":{"line":52,"column":29}},"19":{"start":{"line":58,"column":4},"end":{"line":172,"column":6}},"20":{"start":{"line":70,"column":36},"end":{"line":73,"column":38}},"21":{"start":{"line":87,"column":32},"end":{"line":90,"column":35}},"22":{"start":{"line":100,"column":28},"end":{"line":100,"column":76}},"23":{"start":{"line":108,"column":20},"end":{"line":116,"column":36}},"24":{"start":{"line":124,"column":24},"end":{"line":139,"column":27}},"25":{"start":{"line":150,"column":32},"end":{"line":150,"column":46}},"26":{"start":{"line":151,"column":32},"end":{"line":151,"column":45}},"27":{"start":{"line":163,"column":28},"end":{"line":163,"column":48}},"28":{"start":{"line":164,"column":28},"end":{"line":164,"column":40}}},"fnMap":{"0":{"name":"(anonymous_0)","decl":{"start":{"line":9,"column":24},"end":{"line":9,"column":25}},"loc":{"start":{"line":15,"column":153},"end":{"line":173,"column":1}},"line":15},"1":{"name":"(anonymous_1)","decl":{"start":{"line":18,"column":25},"end":{"line":18,"column":26}},"loc":{"start":{"line":18,"column":72},"end":{"line":29,"column":5}},"line":18},"2":{"name":"(anonymous_2)","decl":{"start":{"line":21,"column":51},"end":{"line":21,"column":52}},"loc":{"start":{"line":21,"column":65},"end":{"line":26,"column":13}},"line":21},"3":{"name":"(anonymous_3)","decl":{"start":{"line":31,"column":27},"end":{"line":31,"column":28}},"loc":{"start":{"line":31,"column":51},"end":{"line":39,"column":5}},"line":31},"4":{"name":"(anonymous_4)","decl":{"start":{"line":34,"column":54},"end":{"line":34,"column":55}},"loc":{"start":{"line":34,"column":78},"end":{"line":36,"column":13}},"line":34},"5":{"name":"(anonymous_5)","decl":{"start":{"line":41,"column":24},"end":{"line":41,"column":25}},"loc":{"start":{"line":41,"column":30},"end":{"line":43,"column":5}},"line":41},"6":{"name":"(anonymous_6)","decl":{"start":{"line":45,"column":25},"end":{"line":45,"column":26}},"loc":{"start":{"line":45,"column":57},"end":{"line":56,"column":5}},"line":45},"7":{"name":"(anonymous_7)","decl":{"start":{"line":49,"column":16},"end":{"line":49,"column":17}},"loc":{"start":{"line":49,"column":56},"end":{"line":53,"column":17}},"line":49},"8":{"name":"(anonymous_8)","decl":{"start":{"line":67,"column":42},"end":{"line":67,"column":43}},"loc":{"start":{"line":70,"column":36},"end":{"line":73,"column":38}},"line":70},"9":{"name":"(anonymous_9)","decl":{"start":{"line":84,"column":38},"end":{"line":84,"column":39}},"loc":{"start":{"line":86,"column":33},"end":{"line":91,"column":29}},"line":86},"10":{"name":"(anonymous_10)","decl":{"start":{"line":99,"column":34},"end":{"line":99,"column":35}},"loc":{"start":{"line":100,"column":28},"end":{"line":100,"column":76}},"line":100},"11":{"name":"(anonymous_11)","decl":{"start":{"line":107,"column":42},"end":{"line":107,"column":43}},"loc":{"start":{"line":108,"column":20},"end":{"line":116,"column":36}},"line":108},"12":{"name":"(anonymous_12)","decl":{"start":{"line":123,"column":29},"end":{"line":123,"column":30}},"loc":{"start":{"line":123,"column":35},"end":{"line":140,"column":21}},"line":123},"13":{"name":"(anonymous_13)","decl":{"start":{"line":149,"column":37},"end":{"line":149,"column":38}},"loc":{"start":{"line":149,"column":43},"end":{"line":152,"column":29}},"line":149},"14":{"name":"(anonymous_14)","decl":{"start":{"line":162,"column":33},"end":{"line":162,"column":34}},"loc":{"start":{"line":162,"column":39},"end":{"line":165,"column":25}},"line":162}},"branchMap":{"0":{"loc":{"start":{"line":22,"column":16},"end":{"line":24,"column":17}},"type":"if","locations":[{"start":{"line":22,"column":16},"end":{"line":24,"column":17}},{"start":{},"end":{}}],"line":22},"1":{"loc":{"start":{"line":50,"column":20},"end":{"line":50,"column":72}},"type":"if","locations":[{"start":{"line":50,"column":20},"end":{"line":50,"column":72}},{"start":{},"end":{}}],"line":50},"2":{"loc":{"start":{"line":51,"column":20},"end":{"line":51,"column":72}},"type":"if","locations":[{"start":{"line":51,"column":20},"end":{"line":51,"column":72}},{"start":{},"end":{}}],"line":51}},"s":{"0":1,"1":0,"2":0,"3":0,"4":0,"5":0,"6":0,"7":0,"8":0,"9":0,"10":0,"11":0,"12":0,"13":0,"14":0,"15":0,"16":0,"17":0,"18":0,"19":0,"20":0,"21":0,"22":0,"23":0,"24":0,"25":0,"26":0,"27":0,"28":0},"f":{"0":0,"1":0,"2":0,"3":0,"4":0,"5":0,"6":0,"7":0,"8":0,"9":0,"10":0,"11":0,"12":0,"13":0,"14":0},"b":{"0":[0,0],"1":[0,0],"2":[0,0]},"_coverageSchema":"1a1c01bbd47fc00a2c39e90264f33305004495a9","hash":"f7424b5f84fcb1d956ea3fc2da76c1fd1c5f747b"}
,"/home/nathan/Desktop/Fall 2023/CISC 275/Tasks/task11/quizzer_start/src/quizzer/QuizExpanded.tsx": {"path":"/home/nathan/Desktop/Fall 2023/CISC 275/Tasks/task11/quizzer_start/src/quizzer/QuizExpanded.tsx","statementMap":{"0":{"start":{"line":9,"column":28},"end":{"line":120,"column":1}},"1":{"start":{"line":15,"column":30},"end":{"line":18,"column":5}},"2":{"start":{"line":17,"column":12},"end":{"line":17,"column":62}},"3":{"start":{"line":20,"column":20},"end":{"line":20,"column":39}},"4":{"start":{"line":21,"column":38},"end":{"line":23,"column":5}},"5":{"start":{"line":25,"column":33},"end":{"line":29,"column":5}},"6":{"start":{"line":26,"column":29},"end":{"line":26,"column":43}},"7":{"start":{"line":27,"column":8},"end":{"line":27,"column":44}},"8":{"start":{"line":28,"column":8},"end":{"line":28,"column":35}},"9":{"start":{"line":31,"column":24},"end":{"line":34,"column":5}},"10":{"start":{"line":32,"column":47},"end":{"line":32,"column":62}},"11":{"start":{"line":36,"column":22},"end":{"line":38,"column":5}},"12":{"start":{"line":37,"column":8},"end":{"line":37,"column":41}},"13":{"start":{"line":37,"column":26},"end":{"line":37,"column":39}},"14":{"start":{"line":40,"column":18},"end":{"line":50,"column":5}},"15":{"start":{"line":41,"column":8},"end":{"line":41,"column":58}},"16":{"start":{"line":42,"column":8},"end":{"line":47,"column":11}},"17":{"start":{"line":45,"column":44},"end":{"line":45,"column":68}},"18":{"start":{"line":49,"column":8},"end":{"line":49,"column":14}},"19":{"start":{"line":52,"column":28},"end":{"line":65,"column":5}},"20":{"start":{"line":53,"column":8},"end":{"line":64,"column":11}},"21":{"start":{"line":56,"column":16},"end":{"line":60,"column":17}},"22":{"start":{"line":57,"column":20},"end":{"line":59,"column":22}},"23":{"start":{"line":61,"column":16},"end":{"line":61,"column":32}},"24":{"start":{"line":67,"column":4},"end":{"line":119,"column":6}},"25":{"start":{"line":82,"column":28},"end":{"line":82,"column":36}},"26":{"start":{"line":83,"column":28},"end":{"line":83,"column":41}},"27":{"start":{"line":99,"column":16},"end":{"line":107,"column":32}}},"fnMap":{"0":{"name":"(anonymous_0)","decl":{"start":{"line":9,"column":28},"end":{"line":9,"column":29}},"loc":{"start":{"line":14,"column":119},"end":{"line":120,"column":1}},"line":14},"1":{"name":"(anonymous_1)","decl":{"start":{"line":16,"column":8},"end":{"line":16,"column":9}},"loc":{"start":{"line":17,"column":12},"end":{"line":17,"column":62}},"line":17},"2":{"name":"(anonymous_2)","decl":{"start":{"line":25,"column":33},"end":{"line":25,"column":34}},"loc":{"start":{"line":25,"column":52},"end":{"line":29,"column":5}},"line":25},"3":{"name":"(anonymous_3)","decl":{"start":{"line":32,"column":8},"end":{"line":32,"column":9}},"loc":{"start":{"line":32,"column":47},"end":{"line":32,"column":62}},"line":32},"4":{"name":"(anonymous_4)","decl":{"start":{"line":36,"column":22},"end":{"line":36,"column":23}},"loc":{"start":{"line":36,"column":37},"end":{"line":38,"column":5}},"line":36},"5":{"name":"(anonymous_5)","decl":{"start":{"line":37,"column":11},"end":{"line":37,"column":12}},"loc":{"start":{"line":37,"column":26},"end":{"line":37,"column":39}},"line":37},"6":{"name":"(anonymous_6)","decl":{"start":{"line":40,"column":18},"end":{"line":40,"column":19}},"loc":{"start":{"line":40,"column":24},"end":{"line":50,"column":5}},"line":40},"7":{"name":"(anonymous_7)","decl":{"start":{"line":45,"column":16},"end":{"line":45,"column":17}},"loc":{"start":{"line":45,"column":44},"end":{"line":45,"column":68}},"line":45},"8":{"name":"(anonymous_8)","decl":{"start":{"line":52,"column":28},"end":{"line":52,"column":29}},"loc":{"start":{"line":52,"column":65},"end":{"line":65,"column":5}},"line":52},"9":{"name":"(anonymous_9)","decl":{"start":{"line":55,"column":48},"end":{"line":55,"column":49}},"loc":{"start":{"line":55,"column":62},"end":{"line":62,"column":13}},"line":55},"10":{"name":"(anonymous_10)","decl":{"start":{"line":81,"column":33},"end":{"line":81,"column":34}},"loc":{"start":{"line":81,"column":39},"end":{"line":84,"column":25}},"line":81},"11":{"name":"(anonymous_11)","decl":{"start":{"line":98,"column":35},"end":{"line":98,"column":36}},"loc":{"start":{"line":99,"column":16},"end":{"line":107,"column":32}},"line":99}},"branchMap":{"0":{"loc":{"start":{"line":17,"column":12},"end":{"line":17,"column":62}},"type":"binary-expr","locations":[{"start":{"line":17,"column":13},"end":{"line":17,"column":27}},{"start":{"line":17,"column":31},"end":{"line":17,"column":42}},{"start":{"line":17,"column":47},"end":{"line":17,"column":62}}],"line":17},"1":{"loc":{"start":{"line":56,"column":16},"end":{"line":60,"column":17}},"type":"if","locations":[{"start":{"line":56,"column":16},"end":{"line":60,"column":17}},{"start":{},"end":{}}],"line":56},"2":{"loc":{"start":{"line":74,"column":25},"end":{"line":74,"column":66}},"type":"cond-expr","locations":[{"start":{"line":74,"column":58},"end":{"line":74,"column":61}},{"start":{"line":74,"column":64},"end":{"line":74,"column":66}}],"line":74}},"s":{"0":1,"1":21,"2":84,"3":21,"4":21,"5":21,"6":2,"7":2,"8":2,"9":21,"10":42,"11":21,"12":2,"13":2,"14":21,"15":7,"16":7,"17":28,"18":7,"19":21,"20":2,"21":8,"22":2,"23":6,"24":21,"25":6,"26":6,"27":42},"f":{"0":21,"1":84,"2":2,"3":42,"4":2,"5":2,"6":7,"7":28,"8":2,"9":8,"10":6,"11":42},"b":{"0":[84,84,42],"1":[2,6],"2":[21,0]},"_coverageSchema":"1a1c01bbd47fc00a2c39e90264f33305004495a9","hash":"018bb331612bdc09012d20a5dd2ae71b06ffea23"}
,"/home/nathan/Desktop/Fall 2023/CISC 275/Tasks/task11/quizzer_start/src/quizzer/QuizList.tsx": {"path":"/home/nathan/Desktop/Fall 2023/CISC 275/Tasks/task11/quizzer_start/src/quizzer/QuizList.tsx","statementMap":{"0":{"start":{"line":8,"column":24},"end":{"line":55,"column":1}},"1":{"start":{"line":14,"column":38},"end":{"line":14,"column":67}},"2":{"start":{"line":16,"column":27},"end":{"line":18,"column":5}},"3":{"start":{"line":17,"column":8},"end":{"line":17,"column":25}},"4":{"start":{"line":20,"column":26},"end":{"line":22,"column":5}},"5":{"start":{"line":21,"column":8},"end":{"line":21,"column":27}},"6":{"start":{"line":24,"column":4},"end":{"line":54,"column":6}},"7":{"start":{"line":29,"column":24},"end":{"line":33,"column":36}},"8":{"start":{"line":41,"column":16},"end":{"line":51,"column":17}},"9":{"start":{"line":42,"column":20},"end":{"line":50,"column":22}}},"fnMap":{"0":{"name":"(anonymous_0)","decl":{"start":{"line":8,"column":24},"end":{"line":8,"column":25}},"loc":{"start":{"line":13,"column":134},"end":{"line":55,"column":1}},"line":13},"1":{"name":"(anonymous_1)","decl":{"start":{"line":16,"column":27},"end":{"line":16,"column":28}},"loc":{"start":{"line":16,"column":43},"end":{"line":18,"column":5}},"line":16},"2":{"name":"(anonymous_2)","decl":{"start":{"line":20,"column":26},"end":{"line":20,"column":27}},"loc":{"start":{"line":20,"column":32},"end":{"line":22,"column":5}},"line":20},"3":{"name":"(anonymous_3)","decl":{"start":{"line":28,"column":33},"end":{"line":28,"column":34}},"loc":{"start":{"line":29,"column":24},"end":{"line":33,"column":36}},"line":29},"4":{"name":"(anonymous_4)","decl":{"start":{"line":40,"column":25},"end":{"line":40,"column":26}},"loc":{"start":{"line":40,"column":41},"end":{"line":52,"column":13}},"line":40}},"branchMap":{"0":{"loc":{"start":{"line":26,"column":13},"end":{"line":39,"column":13}},"type":"binary-expr","locations":[{"start":{"line":26,"column":13},"end":{"line":26,"column":23}},{"start":{"line":27,"column":16},"end":{"line":38,"column":19}}],"line":26},"1":{"loc":{"start":{"line":41,"column":16},"end":{"line":51,"column":17}},"type":"if","locations":[{"start":{"line":41,"column":16},"end":{"line":51,"column":17}},{"start":{},"end":{}}],"line":41}},"s":{"0":1,"1":35,"2":35,"3":10,"4":35,"5":0,"6":35,"7":81,"8":176,"9":19},"f":{"0":35,"1":10,"2":0,"3":81,"4":176},"b":{"0":[35,16],"1":[19,157]},"_coverageSchema":"1a1c01bbd47fc00a2c39e90264f33305004495a9","hash":"65847169976320fa648e31adc80a8f0eb82a101b"}
,"/home/nathan/Desktop/Fall 2023/CISC 275/Tasks/task11/quizzer_start/src/quizzer/QuizQuestion.tsx": {"path":"/home/nathan/Desktop/Fall 2023/CISC 275/Tasks/task11/quizzer_start/src/quizzer/QuizQuestion.tsx","statementMap":{"0":{"start":{"line":8,"column":28},"end":{"line":86,"column":1}},"1":{"start":{"line":16,"column":24},"end":{"line":20,"column":5}},"2":{"start":{"line":17,"column":8},"end":{"line":19,"column":9}},"3":{"start":{"line":18,"column":12},"end":{"line":18,"column":57}},"4":{"start":{"line":22,"column":30},"end":{"line":27,"column":5}},"5":{"start":{"line":23,"column":8},"end":{"line":23,"column":28}},"6":{"start":{"line":24,"column":8},"end":{"line":26,"column":9}},"7":{"start":{"line":25,"column":12},"end":{"line":25,"column":25}},"8":{"start":{"line":29,"column":4},"end":{"line":85,"column":6}},"9":{"start":{"line":55,"column":36},"end":{"line":63,"column":38}}},"fnMap":{"0":{"name":"(anonymous_0)","decl":{"start":{"line":8,"column":28},"end":{"line":8,"column":29}},"loc":{"start":{"line":15,"column":200},"end":{"line":86,"column":1}},"line":15},"1":{"name":"(anonymous_1)","decl":{"start":{"line":16,"column":24},"end":{"line":16,"column":25}},"loc":{"start":{"line":16,"column":44},"end":{"line":20,"column":5}},"line":16},"2":{"name":"(anonymous_2)","decl":{"start":{"line":22,"column":30},"end":{"line":22,"column":31}},"loc":{"start":{"line":22,"column":36},"end":{"line":27,"column":5}},"line":22},"3":{"name":"(anonymous_3)","decl":{"start":{"line":54,"column":32},"end":{"line":54,"column":33}},"loc":{"start":{"line":55,"column":36},"end":{"line":63,"column":38}},"line":55}},"branchMap":{"0":{"loc":{"start":{"line":17,"column":8},"end":{"line":19,"column":9}},"type":"if","locations":[{"start":{"line":17,"column":8},"end":{"line":19,"column":9}},{"start":{},"end":{}}],"line":17},"1":{"loc":{"start":{"line":24,"column":8},"end":{"line":26,"column":9}},"type":"if","locations":[{"start":{"line":24,"column":8},"end":{"line":26,"column":9}},{"start":{},"end":{}}],"line":24},"2":{"loc":{"start":{"line":38,"column":45},"end":{"line":38,"column":77}},"type":"cond-expr","locations":[{"start":{"line":38,"column":69},"end":{"line":38,"column":72}},{"start":{"line":38,"column":75},"end":{"line":38,"column":77}}],"line":38},"3":{"loc":{"start":{"line":42,"column":21},"end":{"line":50,"column":21}},"type":"binary-expr","locations":[{"start":{"line":42,"column":21},"end":{"line":42,"column":62}},{"start":{"line":43,"column":24},"end":{"line":49,"column":37}}],"line":42},"4":{"loc":{"start":{"line":51,"column":21},"end":{"line":67,"column":21}},"type":"binary-expr","locations":[{"start":{"line":51,"column":21},"end":{"line":51,"column":65}},{"start":{"line":52,"column":24},"end":{"line":66,"column":30}}],"line":51},"5":{"loc":{"start":{"line":69,"column":39},"end":{"line":69,"column":64}},"type":"cond-expr","locations":[{"start":{"line":69,"column":51},"end":{"line":69,"column":53}},{"start":{"line":69,"column":56},"end":{"line":69,"column":64}}],"line":69},"6":{"loc":{"start":{"line":70,"column":29},"end":{"line":72,"column":37}},"type":"cond-expr","locations":[{"start":{"line":71,"column":34},"end":{"line":71,"column":38}},{"start":{"line":72,"column":34},"end":{"line":72,"column":37}}],"line":70}},"s":{"0":1,"1":42,"2":2,"3":2,"4":42,"5":2,"6":2,"7":2,"8":42,"9":63},"f":{"0":42,"1":2,"2":2,"3":63},"b":{"0":[2,0],"1":[2,0],"2":[0,42],"3":[42,21],"4":[42,21],"5":[2,40],"6":[4,38]},"_coverageSchema":"1a1c01bbd47fc00a2c39e90264f33305004495a9","hash":"a4821d8c7cf23671b201b3f38f6a1f6139f93f8d"}
,"/home/nathan/Desktop/Fall 2023/CISC 275/Tasks/task11/quizzer_start/src/quizzer/QuizView.tsx": {"path":"/home/nathan/Desktop/Fall 2023/CISC 275/Tasks/task11/quizzer_start/src/quizzer/QuizView.tsx","statementMap":{"0":{"start":{"line":8,"column":24},"end":{"line":42,"column":13}},"1":{"start":{"line":14,"column":28},"end":{"line":14,"column":43}},"2":{"start":{"line":16,"column":23},"end":{"line":18,"column":5}},"3":{"start":{"line":17,"column":8},"end":{"line":17,"column":22}},"4":{"start":{"line":20,"column":4},"end":{"line":40,"column":6}}},"fnMap":{"0":{"name":"(anonymous_0)","decl":{"start":{"line":8,"column":24},"end":{"line":8,"column":25}},"loc":{"start":{"line":13,"column":128},"end":{"line":42,"column":13}},"line":13},"1":{"name":"(anonymous_1)","decl":{"start":{"line":16,"column":23},"end":{"line":16,"column":24}},"loc":{"start":{"line":16,"column":29},"end":{"line":18,"column":5}},"line":16}},"branchMap":{"0":{"loc":{"start":{"line":22,"column":13},"end":{"line":30,"column":13}},"type":"binary-expr","locations":[{"start":{"line":22,"column":13},"end":{"line":22,"column":17}},{"start":{"line":23,"column":16},"end":{"line":29,"column":28}}],"line":22},"1":{"loc":{"start":{"line":31,"column":13},"end":{"line":38,"column":13}},"type":"binary-expr","locations":[{"start":{"line":31,"column":13},"end":{"line":31,"column":18}},{"start":{"line":32,"column":16},"end":{"line":37,"column":32}}],"line":31}},"s":{"0":1,"1":19,"2":19,"3":6,"4":19},"f":{"0":19,"1":6},"b":{"0":[19,0],"1":[19,19]},"_coverageSchema":"1a1c01bbd47fc00a2c39e90264f33305004495a9","hash":"42c5fb9747e33f484996e53a1241fa6bcf3a4b1b"}
,"/home/nathan/Desktop/Fall 2023/CISC 275/Tasks/task11/quizzer_start/src/quizzer/Quizzer.tsx": {"path":"/home/nathan/Desktop/Fall 2023/CISC 275/Tasks/task11/quizzer_start/src/quizzer/Quizzer.tsx","statementMap":{"0":{"start":{"line":10,"column":16},"end":{"line":21,"column":1}},"1":{"start":{"line":11,"column":21},"end":{"line":20,"column":5}},"2":{"start":{"line":14,"column":30},"end":{"line":18,"column":13}},"3":{"start":{"line":23,"column":23},"end":{"line":115,"column":1}},"4":{"start":{"line":24,"column":34},"end":{"line":24,"column":59}},"5":{"start":{"line":25,"column":44},"end":{"line":25,"column":59}},"6":{"start":{"line":28,"column":8},"end":{"line":30,"column":10}},"7":{"start":{"line":29,"column":44},"end":{"line":29,"column":70}},"8":{"start":{"line":34,"column":30},"end":{"line":40,"column":9}},"9":{"start":{"line":41,"column":8},"end":{"line":41,"column":42}},"10":{"start":{"line":45,"column":8},"end":{"line":45,"column":71}},"11":{"start":{"line":45,"column":56},"end":{"line":45,"column":68}},"12":{"start":{"line":48,"column":28},"end":{"line":48,"column":55}},"13":{"start":{"line":48,"column":34},"end":{"line":48,"column":55}},"14":{"start":{"line":49,"column":29},"end":{"line":49,"column":57}},"15":{"start":{"line":49,"column":35},"end":{"line":49,"column":57}},"16":{"start":{"line":51,"column":4},"end":{"line":114,"column":6}}},"fnMap":{"0":{"name":"(anonymous_0)","decl":{"start":{"line":11,"column":4},"end":{"line":11,"column":5}},"loc":{"start":{"line":11,"column":21},"end":{"line":20,"column":5}},"line":11},"1":{"name":"(anonymous_1)","decl":{"start":{"line":14,"column":12},"end":{"line":14,"column":13}},"loc":{"start":{"line":14,"column":30},"end":{"line":18,"column":13}},"line":14},"2":{"name":"(anonymous_2)","decl":{"start":{"line":23,"column":23},"end":{"line":23,"column":24}},"loc":{"start":{"line":23,"column":29},"end":{"line":115,"column":1}},"line":23},"3":{"name":"editQuiz","decl":{"start":{"line":27,"column":13},"end":{"line":27,"column":21}},"loc":{"start":{"line":27,"column":50},"end":{"line":31,"column":5}},"line":27},"4":{"name":"(anonymous_4)","decl":{"start":{"line":29,"column":24},"end":{"line":29,"column":25}},"loc":{"start":{"line":29,"column":44},"end":{"line":29,"column":70}},"line":29},"5":{"name":"addQuiz","decl":{"start":{"line":33,"column":13},"end":{"line":33,"column":20}},"loc":{"start":{"line":33,"column":50},"end":{"line":42,"column":5}},"line":33},"6":{"name":"deleteQuiz","decl":{"start":{"line":44,"column":13},"end":{"line":44,"column":23}},"loc":{"start":{"line":44,"column":37},"end":{"line":46,"column":5}},"line":44},"7":{"name":"(anonymous_7)","decl":{"start":{"line":45,"column":34},"end":{"line":45,"column":35}},"loc":{"start":{"line":45,"column":56},"end":{"line":45,"column":68}},"line":45},"8":{"name":"(anonymous_8)","decl":{"start":{"line":48,"column":28},"end":{"line":48,"column":29}},"loc":{"start":{"line":48,"column":34},"end":{"line":48,"column":55}},"line":48},"9":{"name":"(anonymous_9)","decl":{"start":{"line":49,"column":29},"end":{"line":49,"column":30}},"loc":{"start":{"line":49,"column":35},"end":{"line":49,"column":57}},"line":49}},"branchMap":{"0":{"loc":{"start":{"line":29,"column":44},"end":{"line":29,"column":70}},"type":"cond-expr","locations":[{"start":{"line":29,"column":59},"end":{"line":29,"column":66}},{"start":{"line":29,"column":69},"end":{"line":29,"column":70}}],"line":29}},"s":{"0":1,"1":5,"2":20,"3":1,"4":25,"5":25,"6":9,"7":45,"8":1,"9":1,"10":0,"11":0,"12":25,"13":1,"14":25,"15":1,"16":25},"f":{"0":5,"1":20,"2":25,"3":9,"4":45,"5":1,"6":0,"7":0,"8":1,"9":1},"b":{"0":[9,36]},"_coverageSchema":"1a1c01bbd47fc00a2c39e90264f33305004495a9","hash":"ef1ed7a5575400c9c19961399ca13cbd137a4e81"}
}
