TN:
SF:src/App.tsx
FN:7,App
FN:15,(anonymous_1)
FNF:2
FNH:0
FNDA:0,App
FNDA:0,(anonymous_1)
DA:8,0
DA:10,0
DA:16,0
LF:3
LH:0
BRDA:19,0,0,0
BRDA:19,0,1,0
BRDA:22,1,0,0
BRDA:22,1,1,0
BRF:4
BRH:0
end_of_record
TN:
SF:src/interfaces/question.ts
FNF:0
FNH:0
LF:0
LH:0
BRF:0
BRH:0
end_of_record
TN:
SF:src/interfaces/quiz.ts
FNF:0
FNH:0
LF:0
LH:0
BRF:0
BRH:0
end_of_record
TN:
SF:src/quizzer/AddQuizModal.tsx
FN:4,(anonymous_0)
FN:12,(anonymous_1)
FN:30,(anonymous_2)
FN:39,(anonymous_3)
FN:48,(anonymous_4)
FNF:5
FNH:2
FNDA:25,(anonymous_0)
FNDA:1,(anonymous_1)
FNDA:0,(anonymous_2)
FNDA:0,(anonymous_3)
FNDA:0,(anonymous_4)
DA:4,1
DA:9,25
DA:10,25
DA:12,25
DA:13,1
DA:14,1
DA:15,1
DA:16,1
DA:19,25
DA:32,0
DA:41,0
DA:49,0
DA:50,0
DA:51,0
LF:14
LH:9
BRF:0
BRH:0
end_of_record
TN:
SF:src/quizzer/QuestionEdit.tsx
FN:7,(anonymous_0)
FN:16,(anonymous_1)
FN:19,(anonymous_2)
FN:31,(anonymous_3)
FN:41,(anonymous_4)
FN:46,(anonymous_5)
FN:59,(anonymous_6)
FN:82,(anonymous_7)
FN:155,(anonymous_8)
FN:170,(anonymous_9)
FN:189,(anonymous_10)
FN:209,(anonymous_11)
FN:218,(anonymous_12)
FN:234,(anonymous_13)
FN:243,(anonymous_14)
FNF:15
FNH:0
FNDA:0,(anonymous_0)
FNDA:0,(anonymous_1)
FNDA:0,(anonymous_2)
FNDA:0,(anonymous_3)
FNDA:0,(anonymous_4)
FNDA:0,(anonymous_5)
FNDA:0,(anonymous_6)
FNDA:0,(anonymous_7)
FNDA:0,(anonymous_8)
FNDA:0,(anonymous_9)
FNDA:0,(anonymous_10)
FNDA:0,(anonymous_11)
FNDA:0,(anonymous_12)
FNDA:0,(anonymous_13)
FNDA:0,(anonymous_14)
DA:7,1
DA:15,0
DA:16,0
DA:19,0
DA:20,0
DA:22,0
DA:23,0
DA:31,0
DA:32,0
DA:33,0
DA:41,0
DA:42,0
DA:43,0
DA:46,0
DA:50,0
DA:51,0
DA:52,0
DA:59,0
DA:60,0
DA:61,0
DA:62,0
DA:68,0
DA:85,0
DA:158,0
DA:171,0
DA:192,0
DA:210,0
DA:219,0
DA:235,0
DA:244,0
LF:30
LH:1
BRDA:22,0,0,0
BRDA:22,0,1,0
BRDA:55,1,0,0
BRDA:55,1,1,0
BRDA:104,2,0,0
BRDA:104,2,1,0
BRDA:135,3,0,0
BRDA:135,3,1,0
BRDA:150,4,0,0
BRDA:150,4,1,0
BRDA:166,5,0,0
BRDA:166,5,1,0
BRF:12
BRH:0
end_of_record
TN:
SF:src/quizzer/QuizCard.tsx
FN:7,(anonymous_0)
FN:12,(anonymous_1)
FN:21,(anonymous_2)
FNF:3
FNH:3
FNDA:81,(anonymous_0)
FNDA:320,(anonymous_1)
FNDA:10,(anonymous_2)
DA:7,1
DA:11,81
DA:13,320
DA:16,81
DA:22,10
LF:5
LH:5
BRDA:13,0,0,320
BRDA:13,0,1,272
BRDA:13,0,2,144
BRDA:29,1,0,81
BRDA:29,1,1,0
BRF:5
BRH:4
end_of_record
TN:
SF:src/quizzer/QuizEdit.tsx
FN:9,(anonymous_0)
FN:18,(anonymous_1)
FN:21,(anonymous_2)
FN:31,(anonymous_3)
FN:34,(anonymous_4)
FN:41,(anonymous_5)
FN:45,(anonymous_6)
FN:49,(anonymous_7)
FN:67,(anonymous_8)
FN:84,(anonymous_9)
FN:99,(anonymous_10)
FN:107,(anonymous_11)
FN:123,(anonymous_12)
FN:149,(anonymous_13)
FN:162,(anonymous_14)
FNF:15
FNH:0
FNDA:0,(anonymous_0)
FNDA:0,(anonymous_1)
FNDA:0,(anonymous_2)
FNDA:0,(anonymous_3)
FNDA:0,(anonymous_4)
FNDA:0,(anonymous_5)
FNDA:0,(anonymous_6)
FNDA:0,(anonymous_7)
FNDA:0,(anonymous_8)
FNDA:0,(anonymous_9)
FNDA:0,(anonymous_10)
FNDA:0,(anonymous_11)
FNDA:0,(anonymous_12)
FNDA:0,(anonymous_13)
FNDA:0,(anonymous_14)
DA:9,1
DA:16,0
DA:18,0
DA:19,0
DA:22,0
DA:23,0
DA:25,0
DA:31,0
DA:32,0
DA:35,0
DA:41,0
DA:42,0
DA:45,0
DA:46,0
DA:50,0
DA:51,0
DA:52,0
DA:58,0
DA:70,0
DA:87,0
DA:100,0
DA:108,0
DA:124,0
DA:150,0
DA:151,0
DA:163,0
DA:164,0
LF:27
LH:1
BRDA:22,0,0,0
BRDA:22,0,1,0
BRDA:50,1,0,0
BRDA:50,1,1,0
BRDA:51,2,0,0
BRDA:51,2,1,0
BRF:6
BRH:0
end_of_record
TN:
SF:src/quizzer/QuizExpanded.tsx
FN:9,(anonymous_0)
FN:16,(anonymous_1)
FN:25,(anonymous_2)
FN:32,(anonymous_3)
FN:36,(anonymous_4)
FN:37,(anonymous_5)
FN:40,(anonymous_6)
FN:45,(anonymous_7)
FN:52,(anonymous_8)
FN:55,(anonymous_9)
FN:81,(anonymous_10)
FN:98,(anonymous_11)
FNF:12
FNH:12
FNDA:21,(anonymous_0)
FNDA:84,(anonymous_1)
FNDA:2,(anonymous_2)
FNDA:42,(anonymous_3)
FNDA:2,(anonymous_4)
FNDA:2,(anonymous_5)
FNDA:7,(anonymous_6)
FNDA:28,(anonymous_7)
FNDA:2,(anonymous_8)
FNDA:8,(anonymous_9)
FNDA:6,(anonymous_10)
FNDA:42,(anonymous_11)
DA:9,1
DA:15,21
DA:17,84
DA:20,21
DA:21,21
DA:25,21
DA:26,2
DA:27,2
DA:28,2
DA:31,21
DA:32,42
DA:36,21
DA:37,2
DA:40,21
DA:41,7
DA:42,7
DA:45,28
DA:49,7
DA:52,21
DA:53,2
DA:56,8
DA:57,2
DA:61,6
DA:67,21
DA:82,6
DA:83,6
DA:99,42
LF:27
LH:27
BRDA:17,0,0,84
BRDA:17,0,1,84
BRDA:17,0,2,42
BRDA:56,1,0,2
BRDA:56,1,1,6
BRDA:74,2,0,21
BRDA:74,2,1,0
BRF:7
BRH:6
end_of_record
TN:
SF:src/quizzer/QuizList.tsx
FN:8,(anonymous_0)
FN:16,(anonymous_1)
FN:20,(anonymous_2)
FN:28,(anonymous_3)
FN:40,(anonymous_4)
FNF:5
FNH:4
FNDA:35,(anonymous_0)
FNDA:10,(anonymous_1)
FNDA:0,(anonymous_2)
FNDA:81,(anonymous_3)
FNDA:176,(anonymous_4)
DA:8,1
DA:14,35
DA:16,35
DA:17,10
DA:20,35
DA:21,0
DA:24,35
DA:29,81
DA:41,176
DA:42,19
LF:10
LH:9
BRDA:26,0,0,35
BRDA:26,0,1,16
BRDA:41,1,0,19
BRDA:41,1,1,157
BRF:4
BRH:4
end_of_record
TN:
SF:src/quizzer/QuizQuestion.tsx
FN:8,(anonymous_0)
FN:16,(anonymous_1)
FN:22,(anonymous_2)
FN:54,(anonymous_3)
FNF:4
FNH:4
FNDA:42,(anonymous_0)
FNDA:2,(anonymous_1)
FNDA:2,(anonymous_2)
FNDA:63,(anonymous_3)
DA:8,1
DA:16,42
DA:17,2
DA:18,2
DA:22,42
DA:23,2
DA:24,2
DA:25,2
DA:29,42
DA:55,63
LF:10
LH:10
BRDA:17,0,0,2
BRDA:17,0,1,0
BRDA:24,1,0,2
BRDA:24,1,1,0
BRDA:38,2,0,0
BRDA:38,2,1,42
BRDA:42,3,0,42
BRDA:42,3,1,21
BRDA:51,4,0,42
BRDA:51,4,1,21
BRDA:69,5,0,2
BRDA:69,5,1,40
BRDA:70,6,0,4
BRDA:70,6,1,38
BRF:14
BRH:11
end_of_record
TN:
SF:src/quizzer/QuizView.tsx
FN:8,(anonymous_0)
FN:16,(anonymous_1)
FNF:2
FNH:2
FNDA:19,(anonymous_0)
FNDA:6,(anonymous_1)
DA:8,1
DA:14,19
DA:16,19
DA:17,6
DA:20,19
LF:5
LH:5
BRDA:22,0,0,19
BRDA:22,0,1,0
BRDA:31,1,0,19
BRDA:31,1,1,19
BRF:4
BRH:3
end_of_record
TN:
SF:src/quizzer/Quizzer.tsx
FN:11,(anonymous_0)
FN:14,(anonymous_1)
FN:23,(anonymous_2)
FN:27,editQuiz
FN:29,(anonymous_4)
FN:33,addQuiz
FN:44,deleteQuiz
FN:45,(anonymous_7)
FN:48,(anonymous_8)
FN:49,(anonymous_9)
FNF:10
FNH:8
FNDA:5,(anonymous_0)
FNDA:20,(anonymous_1)
FNDA:25,(anonymous_2)
FNDA:9,editQuiz
FNDA:45,(anonymous_4)
FNDA:1,addQuiz
FNDA:0,deleteQuiz
FNDA:0,(anonymous_7)
FNDA:1,(anonymous_8)
FNDA:1,(anonymous_9)
DA:10,1
DA:11,5
DA:14,20
DA:23,1
DA:24,25
DA:25,25
DA:28,9
DA:29,45
DA:34,1
DA:41,1
DA:45,0
DA:48,25
DA:49,25
DA:51,25
LF:14
LH:13
BRDA:29,0,0,9
BRDA:29,0,1,36
BRF:2
BRH:2
end_of_record
